<?xml version="1.0" encoding="UTF-8"?>
<testng-results ignored="0" total="1" passed="1" failed="0" skipped="0">
  <reporter-output>
  </reporter-output>
  <suite started-at="2022-11-25T15:52:55 IST" name="Test1.e.AppTest" finished-at="2022-11-25T15:53:03 IST" duration-ms="8056">
    <groups>
    </groups>
    <test started-at="2022-11-25T15:52:55 IST" name="Command line test" finished-at="2022-11-25T15:53:03 IST" duration-ms="8056">
      <class name="Test1.e.AppTest">
        <test-method signature="test1()[pri:0, instance:null(Test1.e.AppTest)]" started-at="2022-11-25T15:52:55 IST" name="test1" finished-at="2022-11-25T15:53:03 IST" duration-ms="8015" status="PASS">
          <reporter-output>
          </reporter-output>
        </test-method> <!-- test1 -->
      </class> <!-- Test1.e.AppTest -->
    </test> <!-- Command line test -->
  </suite> <!-- Test1.e.AppTest -->
</testng-results>
