<?xml version="1.0" encoding="UTF-8"?>
<testng-results ignored="0" total="1" passed="1" failed="0" skipped="0">
  <reporter-output>
  </reporter-output>
  <suite started-at="2022-11-25T15:47:44 IST" name="Default suite" finished-at="2022-11-25T15:47:50 IST" duration-ms="5981">
    <groups>
    </groups>
    <test started-at="2022-11-25T15:47:44 IST" name="Default test" finished-at="2022-11-25T15:47:50 IST" duration-ms="5981">
      <class name="Test1.e.AppTest">
        <test-method signature="test1()[pri:0, instance:null(Test1.e.AppTest)]" started-at="2022-11-25T15:47:44 IST" name="test1" finished-at="2022-11-25T15:47:50 IST" duration-ms="5924" status="PASS">
          <reporter-output>
          </reporter-output>
        </test-method> <!-- test1 -->
      </class> <!-- Test1.e.AppTest -->
    </test> <!-- Default test -->
  </suite> <!-- Default suite -->
</testng-results>
